<?xml version="1.0" encoding="UTF-8"?>
<testsuite xmlns:xsi="http://www.w3.org/2001/XMLSchema-instance" xsi:noNamespaceSchemaLocation="https://maven.apache.org/surefire/maven-surefire-plugin/xsd/surefire-test-report-3.0.xsd" version="3.0" name="studentmanagement.externals.repositories.StudentRepositoryImplementationTest" time="0.002" tests="5" errors="0" skipped="0" failures="1">
  <properties>
[...]
</properties>
  <testcase name="testExistById" classname="studentmanagement.externals.repositories.StudentRepositoryImplementationTest" time="0"/>
  <testcase name="findById" classname="studentmanagement.externals.repositories.StudentRepositoryImplementationTest" time="0"/>
  <testcase name="save" classname="studentmanagement.externals.repositories.StudentRepositoryImplementationTest" time="0">
    <failure message="expectation failed (failed running expectation on signal [onNext(Student [id=null, firstName=null, lastName=null, age=null, grade=null, email=null])] with [java.lang.NullPointerException]:&#10;)" type="java.lang.AssertionError">java.lang.AssertionError: 
expectation failed (failed running expectation on signal [onNext(Student [id=null, firstName=null, lastName=null, age=null, grade=null, email=null])] with [java.lang.NullPointerException]:
)
	at studentmanagement.externals.repositories.StudentRepositoryImplementationTest.save(StudentRepositoryImplementationTest.java:83)
</failure>
  </testcase>
  <testcase name="testExistByEmail" classname="studentmanagement.externals.repositories.StudentRepositoryImplementationTest" time="0"/>
  <testcase name="deleteById" classname="studentmanagement.externals.repositories.StudentRepositoryImplementationTest" time="0"/>
</testsuite>